{
  "RSpec": {
    "coverage": {
      "/Users/stephen/src/cc/geckoboard_appsignal/models/app_signal_api.rb": [
        1,
        1,
        1,
        null,
        1,
        null,
        null,
        1,
        16,
        15,
        14,
        null,
        13,
        13,
        13,
        null,
        null,
        null,
        null,
        1,
        1,
        null,
        null,
        null,
        null,
        1,
        1,
        1,
        null,
        null,
        null,
        null,
        1,
        null,
        1,
        1,
        1,
        1,
        null,
        null,
        1,
        1,
        null,
        null,
        1,
        2,
        2,
        16,
        2,
        null,
        2,
        22,
        22,
        17,
        17,
        null,
        null,
        null,
        null,
        null,
        null,
        null,
        null,
        null,
        null,
        null,
        2,
        null,
        null,
        null,
        null,
        1,
        29,
        29,
        23,
        2,
        null,
        null,
        21,
        112,
        18,
        null,
        null,
        null,
        3,
        null,
        null,
        null,
        null,
        null,
        null,
        null
      ]
    },
    "timestamp": 1406716981
  }
}
